<?xml version="1.0" encoding="UTF-8"?>
<testng-results ignored="0" total="1" passed="1" failed="0" skipped="0">
  <reporter-output>
  </reporter-output>
  <suite started-at="2024-10-20T15:26:32 IST" name="Default suite" finished-at="2024-10-20T15:26:32 IST" duration-ms="71">
    <groups>
    </groups>
    <test started-at="2024-10-20T15:26:32 IST" name="Default test" finished-at="2024-10-20T15:26:32 IST" duration-ms="71">
      <class name="test01_stream">
        <test-method signature="streamCollect()[pri:0, instance:test01_stream@1e6a3214]" started-at="2024-10-20T15:26:32 IST" name="streamCollect" finished-at="2024-10-20T15:26:32 IST" duration-ms="21" status="PASS">
          <reporter-output>
          </reporter-output>
        </test-method> <!-- streamCollect -->
      </class> <!-- test01_stream -->
    </test> <!-- Default test -->
  </suite> <!-- Default suite -->
</testng-results>
